TN:Ensure_that_NFT_can_be_listed_and_bought
SF:/home/friedger/_repos/github/friedger/clarity-panda/contracts/external/commission-nop.clar
FN:1,pay
FNDA:1,pay
FNF:1
FNH:1
DA:2,2
LF:1
LH:1
end_of_record
TN:Deployment
SF:/home/friedger/_repos/github/friedger/clarity-panda/contracts/panda-mint.clar
FN:17,get-presale-balance
FN:22,claim
FN:26,claim-two
FN:32,claim-three
FN:39,claim-four
FN:47,claim-five
FN:58,mintpass-mint
FN:67,public-mint
FN:73,flip-mintpass-sale
FN:82,flip-sale
FNDA:0,claim-three
FNDA:0,flip-sale
FNDA:0,claim-five
FNDA:0,claim
FNDA:0,claim-two
FNDA:0,public-mint
FNDA:0,flip-mintpass-sale
FNDA:0,get-presale-balance
FNDA:0,mintpass-mint
FNDA:0,claim-four
FNF:10
FNH:0
DA:6,16
DA:7,16
DA:8,32
DA:9,32
DA:10,32
DA:13,16
DA:14,16
DA:18,0
DA:19,0
DA:23,0
DA:24,0
DA:25,0
DA:28,0
DA:29,0
DA:30,0
DA:31,0
DA:34,0
DA:35,0
DA:36,0
DA:37,0
DA:38,0
DA:41,0
DA:42,0
DA:43,0
DA:44,0
DA:45,0
DA:46,0
DA:49,0
DA:50,0
DA:51,0
DA:52,0
DA:53,0
DA:54,0
DA:55,0
DA:59,0
DA:60,0
DA:61,0
DA:62,0
DA:63,0
DA:64,0
DA:68,0
DA:69,0
DA:70,0
DA:74,0
DA:75,0
DA:77,0
DA:78,0
DA:79,0
DA:83,0
DA:84,0
DA:86,0
DA:87,0
DA:88,0
DA:90,32
DA:93,48
LF:55
LH:9
end_of_record
TN:Ensure_that_NFT_can_be_listed_and_bought
SF:/home/friedger/_repos/github/friedger/clarity-panda/contracts/panda-mint.clar
FN:17,get-presale-balance
FN:22,claim
FN:26,claim-two
FN:32,claim-three
FN:39,claim-four
FN:47,claim-five
FN:58,mintpass-mint
FN:67,public-mint
FN:73,flip-mintpass-sale
FN:82,flip-sale
FNDA:0,claim-four
FNDA:0,mintpass-mint
FNDA:0,get-presale-balance
FNDA:0,flip-mintpass-sale
FNDA:1,public-mint
FNDA:0,claim-two
FNDA:1,claim
FNDA:0,claim-five
FNDA:1,flip-sale
FNDA:0,claim-three
FNF:10
FNH:3
DA:6,0
DA:7,0
DA:8,0
DA:9,0
DA:10,0
DA:13,0
DA:14,0
DA:18,0
DA:19,0
DA:23,2
DA:24,0
DA:25,2
DA:28,0
DA:29,0
DA:30,0
DA:31,0
DA:34,0
DA:35,0
DA:36,0
DA:37,0
DA:38,0
DA:41,0
DA:42,0
DA:43,0
DA:44,0
DA:45,0
DA:46,0
DA:49,0
DA:50,0
DA:51,0
DA:52,0
DA:53,0
DA:54,0
DA:55,0
DA:59,0
DA:60,0
DA:61,0
DA:62,0
DA:63,0
DA:64,0
DA:68,1
DA:69,2
DA:70,2
DA:74,0
DA:75,0
DA:77,0
DA:78,0
DA:79,0
DA:83,1
DA:84,4
DA:86,2
DA:87,3
DA:88,2
DA:90,0
DA:93,0
LF:55
LH:10
end_of_record
TN:Ensure_that_NFT_can_be_listed_and_unlisted
SF:/home/friedger/_repos/github/friedger/clarity-panda/contracts/panda-mint.clar
FN:17,get-presale-balance
FN:22,claim
FN:26,claim-two
FN:32,claim-three
FN:39,claim-four
FN:47,claim-five
FN:58,mintpass-mint
FN:67,public-mint
FN:73,flip-mintpass-sale
FN:82,flip-sale
FNDA:0,mintpass-mint
FNDA:0,get-presale-balance
FNDA:0,claim-four
FNDA:0,flip-mintpass-sale
FNDA:1,public-mint
FNDA:0,claim-two
FNDA:1,flip-sale
FNDA:0,claim-three
FNDA:1,claim
FNDA:0,claim-five
FNF:10
FNH:3
DA:6,0
DA:7,0
DA:8,0
DA:9,0
DA:10,0
DA:13,0
DA:14,0
DA:18,0
DA:19,0
DA:23,2
DA:24,0
DA:25,2
DA:28,0
DA:29,0
DA:30,0
DA:31,0
DA:34,0
DA:35,0
DA:36,0
DA:37,0
DA:38,0
DA:41,0
DA:42,0
DA:43,0
DA:44,0
DA:45,0
DA:46,0
DA:49,0
DA:50,0
DA:51,0
DA:52,0
DA:53,0
DA:54,0
DA:55,0
DA:59,0
DA:60,0
DA:61,0
DA:62,0
DA:63,0
DA:64,0
DA:68,1
DA:69,2
DA:70,2
DA:74,0
DA:75,0
DA:77,0
DA:78,0
DA:79,0
DA:83,1
DA:84,4
DA:86,2
DA:87,3
DA:88,2
DA:90,0
DA:93,0
LF:55
LH:10
end_of_record
TN:Ensure_that_NFT_can_t_be_bought_when_unlisted
SF:/home/friedger/_repos/github/friedger/clarity-panda/contracts/panda-mint.clar
FN:17,get-presale-balance
FN:22,claim
FN:26,claim-two
FN:32,claim-three
FN:39,claim-four
FN:47,claim-five
FN:58,mintpass-mint
FN:67,public-mint
FN:73,flip-mintpass-sale
FN:82,flip-sale
FNDA:0,claim-two
FNDA:1,public-mint
FNDA:1,flip-sale
FNDA:0,claim-three
FNDA:1,claim
FNDA:0,claim-five
FNDA:0,mintpass-mint
FNDA:0,get-presale-balance
FNDA:0,claim-four
FNDA:0,flip-mintpass-sale
FNF:10
FNH:3
DA:6,0
DA:7,0
DA:8,0
DA:9,0
DA:10,0
DA:13,0
DA:14,0
DA:18,0
DA:19,0
DA:23,2
DA:24,0
DA:25,2
DA:28,0
DA:29,0
DA:30,0
DA:31,0
DA:34,0
DA:35,0
DA:36,0
DA:37,0
DA:38,0
DA:41,0
DA:42,0
DA:43,0
DA:44,0
DA:45,0
DA:46,0
DA:49,0
DA:50,0
DA:51,0
DA:52,0
DA:53,0
DA:54,0
DA:55,0
DA:59,0
DA:60,0
DA:61,0
DA:62,0
DA:63,0
DA:64,0
DA:68,1
DA:69,2
DA:70,2
DA:74,0
DA:75,0
DA:77,0
DA:78,0
DA:79,0
DA:83,1
DA:84,4
DA:86,2
DA:87,3
DA:88,2
DA:90,0
DA:93,0
LF:55
LH:10
end_of_record
TN:Ensure_that_NFT_can_t_be_bought_with_different_commission_trait
SF:/home/friedger/_repos/github/friedger/clarity-panda/contracts/panda-mint.clar
FN:17,get-presale-balance
FN:22,claim
FN:26,claim-two
FN:32,claim-three
FN:39,claim-four
FN:47,claim-five
FN:58,mintpass-mint
FN:67,public-mint
FN:73,flip-mintpass-sale
FN:82,flip-sale
FNDA:1,claim
FNDA:0,claim-five
FNDA:1,flip-sale
FNDA:0,claim-three
FNDA:1,public-mint
FNDA:0,claim-two
FNDA:0,flip-mintpass-sale
FNDA:0,claim-four
FNDA:0,get-presale-balance
FNDA:0,mintpass-mint
FNF:10
FNH:3
DA:6,0
DA:7,0
DA:8,0
DA:9,0
DA:10,0
DA:13,0
DA:14,0
DA:18,0
DA:19,0
DA:23,2
DA:24,0
DA:25,2
DA:28,0
DA:29,0
DA:30,0
DA:31,0
DA:34,0
DA:35,0
DA:36,0
DA:37,0
DA:38,0
DA:41,0
DA:42,0
DA:43,0
DA:44,0
DA:45,0
DA:46,0
DA:49,0
DA:50,0
DA:51,0
DA:52,0
DA:53,0
DA:54,0
DA:55,0
DA:59,0
DA:60,0
DA:61,0
DA:62,0
DA:63,0
DA:64,0
DA:68,1
DA:69,2
DA:70,2
DA:74,0
DA:75,0
DA:77,0
DA:78,0
DA:79,0
DA:83,1
DA:84,4
DA:86,2
DA:87,3
DA:88,2
DA:90,0
DA:93,0
LF:55
LH:10
end_of_record
TN:Ensure_that_NFT_can_t_be_transferred_when_listed
SF:/home/friedger/_repos/github/friedger/clarity-panda/contracts/panda-mint.clar
FN:17,get-presale-balance
FN:22,claim
FN:26,claim-two
FN:32,claim-three
FN:39,claim-four
FN:47,claim-five
FN:58,mintpass-mint
FN:67,public-mint
FN:73,flip-mintpass-sale
FN:82,flip-sale
FNDA:0,flip-mintpass-sale
FNDA:0,mintpass-mint
FNDA:0,get-presale-balance
FNDA:0,claim-four
FNDA:1,flip-sale
FNDA:0,claim-three
FNDA:1,claim
FNDA:0,claim-five
FNDA:1,public-mint
FNDA:0,claim-two
FNF:10
FNH:3
DA:6,0
DA:7,0
DA:8,0
DA:9,0
DA:10,0
DA:13,0
DA:14,0
DA:18,0
DA:19,0
DA:23,2
DA:24,0
DA:25,2
DA:28,0
DA:29,0
DA:30,0
DA:31,0
DA:34,0
DA:35,0
DA:36,0
DA:37,0
DA:38,0
DA:41,0
DA:42,0
DA:43,0
DA:44,0
DA:45,0
DA:46,0
DA:49,0
DA:50,0
DA:51,0
DA:52,0
DA:53,0
DA:54,0
DA:55,0
DA:59,0
DA:60,0
DA:61,0
DA:62,0
DA:63,0
DA:64,0
DA:68,1
DA:69,2
DA:70,2
DA:74,0
DA:75,0
DA:77,0
DA:78,0
DA:79,0
DA:83,1
DA:84,4
DA:86,2
DA:87,3
DA:88,2
DA:90,0
DA:93,0
LF:55
LH:10
end_of_record
TN:Ensure_that_beneficials_can_t_mint
SF:/home/friedger/_repos/github/friedger/clarity-panda/contracts/panda-mint.clar
FN:17,get-presale-balance
FN:22,claim
FN:26,claim-two
FN:32,claim-three
FN:39,claim-four
FN:47,claim-five
FN:58,mintpass-mint
FN:67,public-mint
FN:73,flip-mintpass-sale
FN:82,flip-sale
FNDA:0,flip-mintpass-sale
FNDA:0,mintpass-mint
FNDA:0,get-presale-balance
FNDA:0,claim-four
FNDA:0,claim-three
FNDA:1,flip-sale
FNDA:0,claim-five
FNDA:1,claim
FNDA:1,public-mint
FNDA:0,claim-two
FNF:10
FNH:3
DA:6,0
DA:7,0
DA:8,0
DA:9,0
DA:10,0
DA:13,0
DA:14,0
DA:18,0
DA:19,0
DA:23,2
DA:24,0
DA:25,2
DA:28,0
DA:29,0
DA:30,0
DA:31,0
DA:34,0
DA:35,0
DA:36,0
DA:37,0
DA:38,0
DA:41,0
DA:42,0
DA:43,0
DA:44,0
DA:45,0
DA:46,0
DA:49,0
DA:50,0
DA:51,0
DA:52,0
DA:53,0
DA:54,0
DA:55,0
DA:59,0
DA:60,0
DA:61,0
DA:62,0
DA:63,0
DA:64,0
DA:68,1
DA:69,2
DA:70,2
DA:74,0
DA:75,0
DA:77,0
DA:78,0
DA:79,0
DA:83,1
DA:84,4
DA:86,2
DA:87,3
DA:88,2
DA:90,0
DA:93,0
LF:55
LH:10
end_of_record
TN:Ensure_that_minting_fails_while_mintpass_and_public_mint_disabled
SF:/home/friedger/_repos/github/friedger/clarity-panda/contracts/panda-mint.clar
FN:17,get-presale-balance
FN:22,claim
FN:26,claim-two
FN:32,claim-three
FN:39,claim-four
FN:47,claim-five
FN:58,mintpass-mint
FN:67,public-mint
FN:73,flip-mintpass-sale
FN:82,flip-sale
FNDA:0,claim-three
FNDA:0,flip-sale
FNDA:0,claim-five
FNDA:1,claim
FNDA:0,claim-two
FNDA:1,public-mint
FNDA:0,flip-mintpass-sale
FNDA:0,mintpass-mint
FNDA:0,get-presale-balance
FNDA:0,claim-four
FNF:10
FNH:2
DA:6,0
DA:7,0
DA:8,0
DA:9,0
DA:10,0
DA:13,0
DA:14,0
DA:18,0
DA:19,0
DA:23,2
DA:24,0
DA:25,2
DA:28,0
DA:29,0
DA:30,0
DA:31,0
DA:34,0
DA:35,0
DA:36,0
DA:37,0
DA:38,0
DA:41,0
DA:42,0
DA:43,0
DA:44,0
DA:45,0
DA:46,0
DA:49,0
DA:50,0
DA:51,0
DA:52,0
DA:53,0
DA:54,0
DA:55,0
DA:59,0
DA:60,0
DA:61,0
DA:62,0
DA:63,0
DA:64,0
DA:68,1
DA:69,3
DA:70,0
DA:74,0
DA:75,0
DA:77,0
DA:78,0
DA:79,0
DA:83,0
DA:84,0
DA:86,0
DA:87,0
DA:88,0
DA:90,0
DA:93,0
LF:55
LH:4
end_of_record
TN:Ensure_that_presale_mint_and_public_mint_can_happen
SF:/home/friedger/_repos/github/friedger/clarity-panda/contracts/panda-mint.clar
FN:17,get-presale-balance
FN:22,claim
FN:26,claim-two
FN:32,claim-three
FN:39,claim-four
FN:47,claim-five
FN:58,mintpass-mint
FN:67,public-mint
FN:73,flip-mintpass-sale
FN:82,flip-sale
FNDA:1,flip-mintpass-sale
FNDA:0,claim-four
FNDA:1,mintpass-mint
FNDA:1,get-presale-balance
FNDA:2,claim
FNDA:1,claim-five
FNDA:1,flip-sale
FNDA:0,claim-three
FNDA:1,public-mint
FNDA:0,claim-two
FNF:10
FNH:7
DA:6,0
DA:7,0
DA:8,0
DA:9,0
DA:10,0
DA:13,0
DA:14,0
DA:18,2
DA:19,2
DA:23,12
DA:24,2
DA:25,10
DA:28,0
DA:29,0
DA:30,0
DA:31,0
DA:34,0
DA:35,0
DA:36,0
DA:37,0
DA:38,0
DA:41,0
DA:42,0
DA:43,0
DA:44,0
DA:45,0
DA:46,0
DA:49,1
DA:50,2
DA:51,2
DA:52,2
DA:53,2
DA:54,2
DA:55,2
DA:59,3
DA:60,4
DA:61,1
DA:62,1
DA:63,3
DA:64,2
DA:68,5
DA:69,10
DA:70,10
DA:74,1
DA:75,4
DA:77,2
DA:78,3
DA:79,2
DA:83,1
DA:84,4
DA:86,2
DA:87,3
DA:88,2
DA:90,0
DA:93,0
LF:55
LH:31
end_of_record
TN:Ensure_that_users_can_only_mint_after_mintpass_sale_is_activated
SF:/home/friedger/_repos/github/friedger/clarity-panda/contracts/panda-mint.clar
FN:17,get-presale-balance
FN:22,claim
FN:26,claim-two
FN:32,claim-three
FN:39,claim-four
FN:47,claim-five
FN:58,mintpass-mint
FN:67,public-mint
FN:73,flip-mintpass-sale
FN:82,flip-sale
FNDA:1,flip-mintpass-sale
FNDA:0,claim-four
FNDA:1,get-presale-balance
FNDA:1,mintpass-mint
FNDA:0,claim-five
FNDA:2,claim
FNDA:0,claim-three
FNDA:0,flip-sale
FNDA:1,public-mint
FNDA:0,claim-two
FNF:10
FNH:5
DA:6,0
DA:7,0
DA:8,0
DA:9,0
DA:10,0
DA:13,0
DA:14,0
DA:18,2
DA:19,2
DA:23,4
DA:24,2
DA:25,2
DA:28,0
DA:29,0
DA:30,0
DA:31,0
DA:34,0
DA:35,0
DA:36,0
DA:37,0
DA:38,0
DA:41,0
DA:42,0
DA:43,0
DA:44,0
DA:45,0
DA:46,0
DA:49,0
DA:50,0
DA:51,0
DA:52,0
DA:53,0
DA:54,0
DA:55,0
DA:59,3
DA:60,4
DA:61,1
DA:62,1
DA:63,3
DA:64,2
DA:68,1
DA:69,3
DA:70,0
DA:74,1
DA:75,4
DA:77,2
DA:78,3
DA:79,2
DA:83,0
DA:84,0
DA:86,0
DA:87,0
DA:88,0
DA:90,0
DA:93,0
LF:55
LH:18
end_of_record
TN:Ensure_that_users_can_only_mint_after_sale_is_activated
SF:/home/friedger/_repos/github/friedger/clarity-panda/contracts/panda-mint.clar
FN:17,get-presale-balance
FN:22,claim
FN:26,claim-two
FN:32,claim-three
FN:39,claim-four
FN:47,claim-five
FN:58,mintpass-mint
FN:67,public-mint
FN:73,flip-mintpass-sale
FN:82,flip-sale
FNDA:0,claim-four
FNDA:0,get-presale-balance
FNDA:0,mintpass-mint
FNDA:0,flip-mintpass-sale
FNDA:2,public-mint
FNDA:0,claim-two
FNDA:2,claim
FNDA:0,claim-five
FNDA:1,flip-sale
FNDA:0,claim-three
FNF:10
FNH:3
DA:6,0
DA:7,0
DA:8,0
DA:9,0
DA:10,0
DA:13,0
DA:14,0
DA:18,0
DA:19,0
DA:23,4
DA:24,0
DA:25,4
DA:28,0
DA:29,0
DA:30,0
DA:31,0
DA:34,0
DA:35,0
DA:36,0
DA:37,0
DA:38,0
DA:41,0
DA:42,0
DA:43,0
DA:44,0
DA:45,0
DA:46,0
DA:49,0
DA:50,0
DA:51,0
DA:52,0
DA:53,0
DA:54,0
DA:55,0
DA:59,0
DA:60,0
DA:61,0
DA:62,0
DA:63,0
DA:64,0
DA:68,2
DA:69,5
DA:70,2
DA:74,0
DA:75,0
DA:77,0
DA:78,0
DA:79,0
DA:83,1
DA:84,4
DA:86,2
DA:87,3
DA:88,2
DA:90,0
DA:93,0
LF:55
LH:10
end_of_record
TN:Ensure_that_users_can_t_mint_more_NFTs_than_they_own_mintpasses
SF:/home/friedger/_repos/github/friedger/clarity-panda/contracts/panda-mint.clar
FN:17,get-presale-balance
FN:22,claim
FN:26,claim-two
FN:32,claim-three
FN:39,claim-four
FN:47,claim-five
FN:58,mintpass-mint
FN:67,public-mint
FN:73,flip-mintpass-sale
FN:82,flip-sale
FNDA:0,flip-sale
FNDA:0,claim-three
FNDA:1,claim
FNDA:1,claim-five
FNDA:0,public-mint
FNDA:0,claim-two
FNDA:1,flip-mintpass-sale
FNDA:1,get-presale-balance
FNDA:1,mintpass-mint
FNDA:0,claim-four
FNF:10
FNH:5
DA:6,0
DA:7,0
DA:8,0
DA:9,0
DA:10,0
DA:13,0
DA:14,0
DA:18,10
DA:19,10
DA:23,10
DA:24,10
DA:25,0
DA:28,0
DA:29,0
DA:30,0
DA:31,0
DA:34,0
DA:35,0
DA:36,0
DA:37,0
DA:38,0
DA:41,0
DA:42,0
DA:43,0
DA:44,0
DA:45,0
DA:46,0
DA:49,1
DA:50,2
DA:51,2
DA:52,2
DA:53,2
DA:54,2
DA:55,0
DA:59,15
DA:60,21
DA:61,4
DA:62,4
DA:63,12
DA:64,8
DA:68,0
DA:69,0
DA:70,0
DA:74,1
DA:75,4
DA:77,2
DA:78,3
DA:79,2
DA:83,0
DA:84,0
DA:86,0
DA:87,0
DA:88,0
DA:90,0
DA:93,0
LF:55
LH:21
end_of_record
TN:Ensure_that_users_can_t_mint_more_than_888_NFTs
SF:/home/friedger/_repos/github/friedger/clarity-panda/contracts/panda-mint.clar
FN:17,get-presale-balance
FN:22,claim
FN:26,claim-two
FN:32,claim-three
FN:39,claim-four
FN:47,claim-five
FN:58,mintpass-mint
FN:67,public-mint
FN:73,flip-mintpass-sale
FN:82,flip-sale
FNDA:0,claim-five
FNDA:889,claim
FNDA:0,claim-three
FNDA:1,flip-sale
FNDA:889,public-mint
FNDA:0,claim-two
FNDA:0,flip-mintpass-sale
FNDA:0,claim-four
FNDA:0,mintpass-mint
FNDA:0,get-presale-balance
FNF:10
FNH:3
DA:6,0
DA:7,0
DA:8,0
DA:9,0
DA:10,0
DA:13,0
DA:14,0
DA:18,0
DA:19,0
DA:23,1778
DA:24,0
DA:25,1778
DA:28,0
DA:29,0
DA:30,0
DA:31,0
DA:34,0
DA:35,0
DA:36,0
DA:37,0
DA:38,0
DA:41,0
DA:42,0
DA:43,0
DA:44,0
DA:45,0
DA:46,0
DA:49,0
DA:50,0
DA:51,0
DA:52,0
DA:53,0
DA:54,0
DA:55,0
DA:59,0
DA:60,0
DA:61,0
DA:62,0
DA:63,0
DA:64,0
DA:68,889
DA:69,1778
DA:70,1778
DA:74,0
DA:75,0
DA:77,0
DA:78,0
DA:79,0
DA:83,1
DA:84,4
DA:86,2
DA:87,3
DA:88,2
DA:90,0
DA:93,0
LF:55
LH:10
end_of_record
TN:Ensure_that_users_can_t_transfer_other_nft
SF:/home/friedger/_repos/github/friedger/clarity-panda/contracts/panda-mint.clar
FN:17,get-presale-balance
FN:22,claim
FN:26,claim-two
FN:32,claim-three
FN:39,claim-four
FN:47,claim-five
FN:58,mintpass-mint
FN:67,public-mint
FN:73,flip-mintpass-sale
FN:82,flip-sale
FNDA:0,flip-sale
FNDA:0,claim-three
FNDA:1,claim
FNDA:0,claim-five
FNDA:0,public-mint
FNDA:0,claim-two
FNDA:1,flip-mintpass-sale
FNDA:1,get-presale-balance
FNDA:1,mintpass-mint
FNDA:0,claim-four
FNF:10
FNH:4
DA:6,0
DA:7,0
DA:8,0
DA:9,0
DA:10,0
DA:13,0
DA:14,0
DA:18,2
DA:19,2
DA:23,2
DA:24,2
DA:25,0
DA:28,0
DA:29,0
DA:30,0
DA:31,0
DA:34,0
DA:35,0
DA:36,0
DA:37,0
DA:38,0
DA:41,0
DA:42,0
DA:43,0
DA:44,0
DA:45,0
DA:46,0
DA:49,0
DA:50,0
DA:51,0
DA:52,0
DA:53,0
DA:54,0
DA:55,0
DA:59,3
DA:60,4
DA:61,1
DA:62,1
DA:63,3
DA:64,2
DA:68,0
DA:69,0
DA:70,0
DA:74,1
DA:75,4
DA:77,2
DA:78,3
DA:79,2
DA:83,0
DA:84,0
DA:86,0
DA:87,0
DA:88,0
DA:90,0
DA:93,0
LF:55
LH:15
end_of_record
TN:Ensure_that_users_can_transfer_own_nft
SF:/home/friedger/_repos/github/friedger/clarity-panda/contracts/panda-mint.clar
FN:17,get-presale-balance
FN:22,claim
FN:26,claim-two
FN:32,claim-three
FN:39,claim-four
FN:47,claim-five
FN:58,mintpass-mint
FN:67,public-mint
FN:73,flip-mintpass-sale
FN:82,flip-sale
FNDA:0,public-mint
FNDA:0,claim-two
FNDA:0,claim-three
FNDA:0,flip-sale
FNDA:0,claim-five
FNDA:1,claim
FNDA:1,mintpass-mint
FNDA:1,get-presale-balance
FNDA:0,claim-four
FNDA:1,flip-mintpass-sale
FNF:10
FNH:4
DA:6,0
DA:7,0
DA:8,0
DA:9,0
DA:10,0
DA:13,0
DA:14,0
DA:18,2
DA:19,2
DA:23,2
DA:24,2
DA:25,0
DA:28,0
DA:29,0
DA:30,0
DA:31,0
DA:34,0
DA:35,0
DA:36,0
DA:37,0
DA:38,0
DA:41,0
DA:42,0
DA:43,0
DA:44,0
DA:45,0
DA:46,0
DA:49,0
DA:50,0
DA:51,0
DA:52,0
DA:53,0
DA:54,0
DA:55,0
DA:59,3
DA:60,4
DA:61,1
DA:62,1
DA:63,3
DA:64,2
DA:68,0
DA:69,0
DA:70,0
DA:74,1
DA:75,4
DA:77,2
DA:78,3
DA:79,2
DA:83,0
DA:84,0
DA:86,0
DA:87,0
DA:88,0
DA:90,0
DA:93,0
LF:55
LH:15
end_of_record
TN:readonly_calls
SF:/home/friedger/_repos/github/friedger/clarity-panda/contracts/panda-mint.clar
FN:17,get-presale-balance
FN:22,claim
FN:26,claim-two
FN:32,claim-three
FN:39,claim-four
FN:47,claim-five
FN:58,mintpass-mint
FN:67,public-mint
FN:73,flip-mintpass-sale
FN:82,flip-sale
FNDA:0,mintpass-mint
FNDA:3,get-presale-balance
FNDA:0,claim-four
FNDA:0,flip-mintpass-sale
FNDA:0,public-mint
FNDA:0,claim-two
FNDA:0,claim-three
FNDA:0,flip-sale
FNDA:0,claim-five
FNDA:0,claim
FNF:10
FNH:1
DA:6,0
DA:7,0
DA:8,0
DA:9,0
DA:10,0
DA:13,0
DA:14,0
DA:18,6
DA:19,6
DA:23,0
DA:24,0
DA:25,0
DA:28,0
DA:29,0
DA:30,0
DA:31,0
DA:34,0
DA:35,0
DA:36,0
DA:37,0
DA:38,0
DA:41,0
DA:42,0
DA:43,0
DA:44,0
DA:45,0
DA:46,0
DA:49,0
DA:50,0
DA:51,0
DA:52,0
DA:53,0
DA:54,0
DA:55,0
DA:59,0
DA:60,0
DA:61,0
DA:62,0
DA:63,0
DA:64,0
DA:68,0
DA:69,0
DA:70,0
DA:74,0
DA:75,0
DA:77,0
DA:78,0
DA:79,0
DA:83,0
DA:84,0
DA:86,0
DA:87,0
DA:88,0
DA:90,0
DA:93,0
LF:55
LH:2
end_of_record
TN:Deployment
SF:/home/friedger/_repos/github/friedger/clarity-panda/contracts/panda-nft.clar
FN:34,get-balance
FN:37,trnsfr
FN:54,transfer
FN:61,get-owner
FN:66,get-last-token-id
FN:70,get-token-uri
FN:72,get-contract-uri
FN:78,mint
FN:95,is-sender-owner
FN:99,get-listing-in-ustx
FN:102,list-in-ustx
FN:109,unlist-in-ustx
FN:116,buy-in-ustx
FN:130,set-base-uri
FN:138,freeze-metadata
FN:145,called-from-mint
FN:149,set-mint-address
FNDA:0,mint
FNDA:0,get-last-token-id
FNDA:0,buy-in-ustx
FNDA:0,called-from-mint
FNDA:0,get-contract-uri
FNDA:0,get-listing-in-ustx
FNDA:16,set-mint-address
FNDA:0,unlist-in-ustx
FNDA:0,get-token-uri
FNDA:0,get-balance
FNDA:0,freeze-metadata
FNDA:0,transfer
FNDA:0,get-owner
FNDA:0,set-base-uri
FNDA:0,trnsfr
FNDA:0,is-sender-owner
FNDA:0,list-in-ustx
FNF:17
FNH:1
DA:0,0
DA:11,16
DA:12,32
DA:13,32
DA:14,32
DA:15,32
DA:16,32
DA:17,32
DA:18,32
DA:19,16
DA:22,16
DA:25,16
DA:26,16
DA:27,16
DA:28,16
DA:29,16
DA:30,16
DA:35,0
DA:36,0
DA:39,0
DA:40,0
DA:41,0
DA:42,0
DA:43,0
DA:44,0
DA:45,0
DA:46,0
DA:47,0
DA:48,0
DA:49,0
DA:50,0
DA:51,0
DA:55,0
DA:56,0
DA:57,0
DA:58,0
DA:63,0
DA:67,0
DA:71,0
DA:74,0
DA:79,0
DA:80,0
DA:81,0
DA:82,0
DA:83,0
DA:84,0
DA:85,0
DA:86,0
DA:87,0
DA:88,0
DA:89,0
DA:90,0
DA:91,0
DA:93,0
DA:94,0
DA:97,0
DA:98,0
DA:101,0
DA:104,0
DA:105,0
DA:106,0
DA:107,0
DA:108,0
DA:111,0
DA:112,0
DA:113,0
DA:114,0
DA:115,0
DA:118,0
DA:119,0
DA:120,0
DA:121,0
DA:122,0
DA:123,0
DA:124,0
DA:125,0
DA:126,0
DA:127,0
DA:131,0
DA:132,0
DA:133,0
DA:134,0
DA:135,0
DA:139,0
DA:140,0
DA:141,0
DA:142,0
DA:146,0
DA:150,16
DA:151,80
DA:152,48
DA:153,0
DA:154,32
LF:93
LH:20
end_of_record
TN:Ensure_that_NFT_can_be_listed_and_bought
SF:/home/friedger/_repos/github/friedger/clarity-panda/contracts/panda-nft.clar
FN:34,get-balance
FN:37,trnsfr
FN:54,transfer
FN:61,get-owner
FN:66,get-last-token-id
FN:70,get-token-uri
FN:72,get-contract-uri
FN:78,mint
FN:95,is-sender-owner
FN:99,get-listing-in-ustx
FN:102,list-in-ustx
FN:109,unlist-in-ustx
FN:116,buy-in-ustx
FN:130,set-base-uri
FN:138,freeze-metadata
FN:145,called-from-mint
FN:149,set-mint-address
FNDA:1,called-from-mint
FNDA:0,get-contract-uri
FNDA:0,get-listing-in-ustx
FNDA:0,set-mint-address
FNDA:0,unlist-in-ustx
FNDA:0,get-token-uri
FNDA:2,get-balance
FNDA:1,mint
FNDA:0,get-last-token-id
FNDA:1,buy-in-ustx
FNDA:1,trnsfr
FNDA:1,is-sender-owner
FNDA:1,list-in-ustx
FNDA:0,freeze-metadata
FNDA:0,transfer
FNDA:0,get-owner
FNDA:0,set-base-uri
FNF:17
FNH:7
DA:0,3
DA:11,0
DA:12,0
DA:13,0
DA:14,0
DA:15,0
DA:16,0
DA:17,0
DA:18,0
DA:19,0
DA:22,0
DA:25,0
DA:26,0
DA:27,0
DA:28,0
DA:29,0
DA:30,0
DA:35,6
DA:36,6
DA:39,5
DA:40,0
DA:41,1
DA:42,2
DA:43,2
DA:44,1
DA:45,1
DA:46,3
DA:47,1
DA:48,1
DA:49,3
DA:50,2
DA:51,0
DA:55,0
DA:56,0
DA:57,0
DA:58,0
DA:63,0
DA:67,0
DA:71,0
DA:74,0
DA:79,4
DA:80,2
DA:81,4
DA:82,4
DA:83,0
DA:84,1
DA:85,2
DA:86,1
DA:87,5
DA:88,2
DA:89,1
DA:90,1
DA:91,3
DA:93,2
DA:94,0
DA:97,5
DA:98,4
DA:101,0
DA:104,3
DA:105,3
DA:106,3
DA:107,5
DA:108,2
DA:111,0
DA:112,0
DA:113,0
DA:114,0
DA:115,0
DA:118,5
DA:119,4
DA:120,2
DA:121,5
DA:122,5
DA:123,4
DA:124,5
DA:125,2
DA:126,3
DA:127,2
DA:131,0
DA:132,0
DA:133,0
DA:134,0
DA:135,0
DA:139,0
DA:140,0
DA:141,0
DA:142,0
DA:146,6
DA:150,0
DA:151,0
DA:152,0
DA:153,0
DA:154,0
LF:93
LH:45
end_of_record
TN:Ensure_that_NFT_can_be_listed_and_unlisted
SF:/home/friedger/_repos/github/friedger/clarity-panda/contracts/panda-nft.clar
FN:34,get-balance
FN:37,trnsfr
FN:54,transfer
FN:61,get-owner
FN:66,get-last-token-id
FN:70,get-token-uri
FN:72,get-contract-uri
FN:78,mint
FN:95,is-sender-owner
FN:99,get-listing-in-ustx
FN:102,list-in-ustx
FN:109,unlist-in-ustx
FN:116,buy-in-ustx
FN:130,set-base-uri
FN:138,freeze-metadata
FN:145,called-from-mint
FN:149,set-mint-address
FNDA:0,set-base-uri
FNDA:0,get-owner
FNDA:0,transfer
FNDA:0,freeze-metadata
FNDA:1,list-in-ustx
FNDA:0,trnsfr
FNDA:2,is-sender-owner
FNDA:0,get-last-token-id
FNDA:0,buy-in-ustx
FNDA:1,mint
FNDA:1,get-balance
FNDA:0,get-contract-uri
FNDA:0,get-listing-in-ustx
FNDA:1,called-from-mint
FNDA:1,unlist-in-ustx
FNDA:0,get-token-uri
FNDA:0,set-mint-address
FNF:17
FNH:6
DA:0,3
DA:11,0
DA:12,0
DA:13,0
DA:14,0
DA:15,0
DA:16,0
DA:17,0
DA:18,0
DA:19,0
DA:22,0
DA:25,0
DA:26,0
DA:27,0
DA:28,0
DA:29,0
DA:30,0
DA:35,2
DA:36,2
DA:39,0
DA:40,0
DA:41,0
DA:42,0
DA:43,0
DA:44,0
DA:45,0
DA:46,0
DA:47,0
DA:48,0
DA:49,0
DA:50,0
DA:51,0
DA:55,0
DA:56,0
DA:57,0
DA:58,0
DA:63,0
DA:67,0
DA:71,0
DA:74,0
DA:79,4
DA:80,2
DA:81,4
DA:82,4
DA:83,0
DA:84,1
DA:85,2
DA:86,1
DA:87,5
DA:88,2
DA:89,1
DA:90,1
DA:91,3
DA:93,2
DA:94,0
DA:97,10
DA:98,8
DA:101,0
DA:104,3
DA:105,3
DA:106,3
DA:107,5
DA:108,2
DA:111,1
DA:112,3
DA:113,2
DA:114,3
DA:115,2
DA:118,0
DA:119,0
DA:120,0
DA:121,0
DA:122,0
DA:123,0
DA:124,0
DA:125,0
DA:126,0
DA:127,0
DA:131,0
DA:132,0
DA:133,0
DA:134,0
DA:135,0
DA:139,0
DA:140,0
DA:141,0
DA:142,0
DA:146,6
DA:150,0
DA:151,0
DA:152,0
DA:153,0
DA:154,0
LF:93
LH:29
end_of_record
TN:Ensure_that_NFT_can_t_be_bought_when_unlisted
SF:/home/friedger/_repos/github/friedger/clarity-panda/contracts/panda-nft.clar
FN:34,get-balance
FN:37,trnsfr
FN:54,transfer
FN:61,get-owner
FN:66,get-last-token-id
FN:70,get-token-uri
FN:72,get-contract-uri
FN:78,mint
FN:95,is-sender-owner
FN:99,get-listing-in-ustx
FN:102,list-in-ustx
FN:109,unlist-in-ustx
FN:116,buy-in-ustx
FN:130,set-base-uri
FN:138,freeze-metadata
FN:145,called-from-mint
FN:149,set-mint-address
FNDA:1,mint
FNDA:0,get-last-token-id
FNDA:1,buy-in-ustx
FNDA:0,get-contract-uri
FNDA:0,get-listing-in-ustx
FNDA:1,called-from-mint
FNDA:1,unlist-in-ustx
FNDA:0,get-token-uri
FNDA:0,set-mint-address
FNDA:1,get-balance
FNDA:0,get-owner
FNDA:0,freeze-metadata
FNDA:0,transfer
FNDA:0,set-base-uri
FNDA:0,trnsfr
FNDA:2,is-sender-owner
FNDA:1,list-in-ustx
FNF:17
FNH:7
DA:0,3
DA:11,0
DA:12,0
DA:13,0
DA:14,0
DA:15,0
DA:16,0
DA:17,0
DA:18,0
DA:19,0
DA:22,0
DA:25,0
DA:26,0
DA:27,0
DA:28,0
DA:29,0
DA:30,0
DA:35,2
DA:36,2
DA:39,0
DA:40,0
DA:41,0
DA:42,0
DA:43,0
DA:44,0
DA:45,0
DA:46,0
DA:47,0
DA:48,0
DA:49,0
DA:50,0
DA:51,0
DA:55,0
DA:56,0
DA:57,0
DA:58,0
DA:63,0
DA:67,0
DA:71,0
DA:74,0
DA:79,4
DA:80,2
DA:81,4
DA:82,4
DA:83,0
DA:84,1
DA:85,2
DA:86,1
DA:87,5
DA:88,2
DA:89,1
DA:90,1
DA:91,3
DA:93,2
DA:94,0
DA:97,10
DA:98,8
DA:101,0
DA:104,3
DA:105,3
DA:106,3
DA:107,5
DA:108,2
DA:111,1
DA:112,3
DA:113,2
DA:114,3
DA:115,2
DA:118,5
DA:119,4
DA:120,0
DA:121,0
DA:122,0
DA:123,0
DA:124,0
DA:125,0
DA:126,0
DA:127,0
DA:131,0
DA:132,0
DA:133,0
DA:134,0
DA:135,0
DA:139,0
DA:140,0
DA:141,0
DA:142,0
DA:146,6
DA:150,0
DA:151,0
DA:152,0
DA:153,0
DA:154,0
LF:93
LH:31
end_of_record
TN:Ensure_that_NFT_can_t_be_bought_with_different_commission_trait
SF:/home/friedger/_repos/github/friedger/clarity-panda/contracts/panda-nft.clar
FN:34,get-balance
FN:37,trnsfr
FN:54,transfer
FN:61,get-owner
FN:66,get-last-token-id
FN:70,get-token-uri
FN:72,get-contract-uri
FN:78,mint
FN:95,is-sender-owner
FN:99,get-listing-in-ustx
FN:102,list-in-ustx
FN:109,unlist-in-ustx
FN:116,buy-in-ustx
FN:130,set-base-uri
FN:138,freeze-metadata
FN:145,called-from-mint
FN:149,set-mint-address
FNDA:0,set-mint-address
FNDA:0,get-token-uri
FNDA:0,unlist-in-ustx
FNDA:1,called-from-mint
FNDA:0,get-listing-in-ustx
FNDA:0,get-contract-uri
FNDA:1,get-balance
FNDA:1,mint
FNDA:1,buy-in-ustx
FNDA:0,get-last-token-id
FNDA:1,is-sender-owner
FNDA:0,trnsfr
FNDA:1,list-in-ustx
FNDA:0,freeze-metadata
FNDA:0,transfer
FNDA:0,get-owner
FNDA:0,set-base-uri
FNF:17
FNH:6
DA:0,2
DA:11,0
DA:12,0
DA:13,0
DA:14,0
DA:15,0
DA:16,0
DA:17,0
DA:18,0
DA:19,0
DA:22,0
DA:25,0
DA:26,0
DA:27,0
DA:28,0
DA:29,0
DA:30,0
DA:35,2
DA:36,2
DA:39,0
DA:40,0
DA:41,0
DA:42,0
DA:43,0
DA:44,0
DA:45,0
DA:46,0
DA:47,0
DA:48,0
DA:49,0
DA:50,0
DA:51,0
DA:55,0
DA:56,0
DA:57,0
DA:58,0
DA:63,0
DA:67,0
DA:71,0
DA:74,0
DA:79,4
DA:80,2
DA:81,4
DA:82,4
DA:83,0
DA:84,1
DA:85,2
DA:86,1
DA:87,5
DA:88,2
DA:89,1
DA:90,1
DA:91,3
DA:93,2
DA:94,0
DA:97,5
DA:98,4
DA:101,0
DA:104,3
DA:105,3
DA:106,3
DA:107,5
DA:108,2
DA:111,0
DA:112,0
DA:113,0
DA:114,0
DA:115,0
DA:118,5
DA:119,4
DA:120,2
DA:121,6
DA:122,0
DA:123,0
DA:124,0
DA:125,0
DA:126,0
DA:127,0
DA:131,0
DA:132,0
DA:133,0
DA:134,0
DA:135,0
DA:139,0
DA:140,0
DA:141,0
DA:142,0
DA:146,6
DA:150,0
DA:151,0
DA:152,0
DA:153,0
DA:154,0
LF:93
LH:28
end_of_record
TN:Ensure_that_NFT_can_t_be_transferred_when_listed
SF:/home/friedger/_repos/github/friedger/clarity-panda/contracts/panda-nft.clar
FN:34,get-balance
FN:37,trnsfr
FN:54,transfer
FN:61,get-owner
FN:66,get-last-token-id
FN:70,get-token-uri
FN:72,get-contract-uri
FN:78,mint
FN:95,is-sender-owner
FN:99,get-listing-in-ustx
FN:102,list-in-ustx
FN:109,unlist-in-ustx
FN:116,buy-in-ustx
FN:130,set-base-uri
FN:138,freeze-metadata
FN:145,called-from-mint
FN:149,set-mint-address
FNDA:1,transfer
FNDA:0,freeze-metadata
FNDA:0,get-owner
FNDA:0,set-base-uri
FNDA:0,trnsfr
FNDA:1,is-sender-owner
FNDA:1,list-in-ustx
FNDA:1,mint
FNDA:0,get-last-token-id
FNDA:0,buy-in-ustx
FNDA:1,called-from-mint
FNDA:0,get-listing-in-ustx
FNDA:0,get-contract-uri
FNDA:0,set-mint-address
FNDA:0,unlist-in-ustx
FNDA:0,get-token-uri
FNDA:1,get-balance
FNF:17
FNH:6
DA:0,2
DA:11,0
DA:12,0
DA:13,0
DA:14,0
DA:15,0
DA:16,0
DA:17,0
DA:18,0
DA:19,0
DA:22,0
DA:25,0
DA:26,0
DA:27,0
DA:28,0
DA:29,0
DA:30,0
DA:35,2
DA:36,2
DA:39,0
DA:40,0
DA:41,0
DA:42,0
DA:43,0
DA:44,0
DA:45,0
DA:46,0
DA:47,0
DA:48,0
DA:49,0
DA:50,0
DA:51,0
DA:55,1
DA:56,4
DA:57,5
DA:58,0
DA:63,0
DA:67,0
DA:71,0
DA:74,0
DA:79,4
DA:80,2
DA:81,4
DA:82,4
DA:83,0
DA:84,1
DA:85,2
DA:86,1
DA:87,5
DA:88,2
DA:89,1
DA:90,1
DA:91,3
DA:93,2
DA:94,0
DA:97,5
DA:98,4
DA:101,0
DA:104,3
DA:105,3
DA:106,3
DA:107,5
DA:108,2
DA:111,0
DA:112,0
DA:113,0
DA:114,0
DA:115,0
DA:118,0
DA:119,0
DA:120,0
DA:121,0
DA:122,0
DA:123,0
DA:124,0
DA:125,0
DA:126,0
DA:127,0
DA:131,0
DA:132,0
DA:133,0
DA:134,0
DA:135,0
DA:139,0
DA:140,0
DA:141,0
DA:142,0
DA:146,6
DA:150,0
DA:151,0
DA:152,0
DA:153,0
DA:154,0
LF:93
LH:27
end_of_record
TN:Ensure_that_NFT_token_URL_and_ID_is_as_expected
SF:/home/friedger/_repos/github/friedger/clarity-panda/contracts/panda-nft.clar
FN:34,get-balance
FN:37,trnsfr
FN:54,transfer
FN:61,get-owner
FN:66,get-last-token-id
FN:70,get-token-uri
FN:72,get-contract-uri
FN:78,mint
FN:95,is-sender-owner
FN:99,get-listing-in-ustx
FN:102,list-in-ustx
FN:109,unlist-in-ustx
FN:116,buy-in-ustx
FN:130,set-base-uri
FN:138,freeze-metadata
FN:145,called-from-mint
FN:149,set-mint-address
FNDA:0,mint
FNDA:0,buy-in-ustx
FNDA:1,get-last-token-id
FNDA:0,set-mint-address
FNDA:1,get-token-uri
FNDA:0,unlist-in-ustx
FNDA:0,called-from-mint
FNDA:0,get-contract-uri
FNDA:0,get-listing-in-ustx
FNDA:0,get-balance
FNDA:0,freeze-metadata
FNDA:0,transfer
FNDA:0,get-owner
FNDA:0,set-base-uri
FNDA:0,is-sender-owner
FNDA:0,trnsfr
FNDA:0,list-in-ustx
FNF:17
FNH:2
DA:0,0
DA:11,0
DA:12,0
DA:13,0
DA:14,0
DA:15,0
DA:16,0
DA:17,0
DA:18,0
DA:19,0
DA:22,0
DA:25,0
DA:26,0
DA:27,0
DA:28,0
DA:29,0
DA:30,0
DA:35,0
DA:36,0
DA:39,0
DA:40,0
DA:41,0
DA:42,0
DA:43,0
DA:44,0
DA:45,0
DA:46,0
DA:47,0
DA:48,0
DA:49,0
DA:50,0
DA:51,0
DA:55,0
DA:56,0
DA:57,0
DA:58,0
DA:63,0
DA:67,2
DA:71,3
DA:74,0
DA:79,0
DA:80,0
DA:81,0
DA:82,0
DA:83,0
DA:84,0
DA:85,0
DA:86,0
DA:87,0
DA:88,0
DA:89,0
DA:90,0
DA:91,0
DA:93,0
DA:94,0
DA:97,0
DA:98,0
DA:101,0
DA:104,0
DA:105,0
DA:106,0
DA:107,0
DA:108,0
DA:111,0
DA:112,0
DA:113,0
DA:114,0
DA:115,0
DA:118,0
DA:119,0
DA:120,0
DA:121,0
DA:122,0
DA:123,0
DA:124,0
DA:125,0
DA:126,0
DA:127,0
DA:131,0
DA:132,0
DA:133,0
DA:134,0
DA:135,0
DA:139,0
DA:140,0
DA:141,0
DA:142,0
DA:146,0
DA:150,0
DA:151,0
DA:152,0
DA:153,0
DA:154,0
LF:93
LH:2
end_of_record
TN:Ensure_that_beneficials_can_t_mint
SF:/home/friedger/_repos/github/friedger/clarity-panda/contracts/panda-nft.clar
FN:34,get-balance
FN:37,trnsfr
FN:54,transfer
FN:61,get-owner
FN:66,get-last-token-id
FN:70,get-token-uri
FN:72,get-contract-uri
FN:78,mint
FN:95,is-sender-owner
FN:99,get-listing-in-ustx
FN:102,list-in-ustx
FN:109,unlist-in-ustx
FN:116,buy-in-ustx
FN:130,set-base-uri
FN:138,freeze-metadata
FN:145,called-from-mint
FN:149,set-mint-address
FNDA:0,set-base-uri
FNDA:0,get-owner
FNDA:0,freeze-metadata
FNDA:0,transfer
FNDA:0,list-in-ustx
FNDA:0,trnsfr
FNDA:0,is-sender-owner
FNDA:0,get-last-token-id
FNDA:0,buy-in-ustx
FNDA:1,mint
FNDA:1,get-balance
FNDA:0,get-listing-in-ustx
FNDA:0,get-contract-uri
FNDA:1,called-from-mint
FNDA:0,get-token-uri
FNDA:0,unlist-in-ustx
FNDA:0,set-mint-address
FNF:17
FNH:3
DA:0,0
DA:11,0
DA:12,0
DA:13,0
DA:14,0
DA:15,0
DA:16,0
DA:17,0
DA:18,0
DA:19,0
DA:22,0
DA:25,0
DA:26,0
DA:27,0
DA:28,0
DA:29,0
DA:30,0
DA:35,2
DA:36,2
DA:39,0
DA:40,0
DA:41,0
DA:42,0
DA:43,0
DA:44,0
DA:45,0
DA:46,0
DA:47,0
DA:48,0
DA:49,0
DA:50,0
DA:51,0
DA:55,0
DA:56,0
DA:57,0
DA:58,0
DA:63,0
DA:67,0
DA:71,0
DA:74,0
DA:79,4
DA:80,2
DA:81,4
DA:82,4
DA:83,0
DA:84,1
DA:85,2
DA:86,1
DA:87,5
DA:88,0
DA:89,0
DA:90,0
DA:91,0
DA:93,0
DA:94,0
DA:97,0
DA:98,0
DA:101,0
DA:104,0
DA:105,0
DA:106,0
DA:107,0
DA:108,0
DA:111,0
DA:112,0
DA:113,0
DA:114,0
DA:115,0
DA:118,0
DA:119,0
DA:120,0
DA:121,0
DA:122,0
DA:123,0
DA:124,0
DA:125,0
DA:126,0
DA:127,0
DA:131,0
DA:132,0
DA:133,0
DA:134,0
DA:135,0
DA:139,0
DA:140,0
DA:141,0
DA:142,0
DA:146,6
DA:150,0
DA:151,0
DA:152,0
DA:153,0
DA:154,0
LF:93
LH:11
end_of_record
TN:Ensure_that_presale_mint_and_public_mint_can_happen
SF:/home/friedger/_repos/github/friedger/clarity-panda/contracts/panda-nft.clar
FN:34,get-balance
FN:37,trnsfr
FN:54,transfer
FN:61,get-owner
FN:66,get-last-token-id
FN:70,get-token-uri
FN:72,get-contract-uri
FN:78,mint
FN:95,is-sender-owner
FN:99,get-listing-in-ustx
FN:102,list-in-ustx
FN:109,unlist-in-ustx
FN:116,buy-in-ustx
FN:130,set-base-uri
FN:138,freeze-metadata
FN:145,called-from-mint
FN:149,set-mint-address
FNDA:2,mint
FNDA:0,buy-in-ustx
FNDA:0,get-last-token-id
FNDA:0,unlist-in-ustx
FNDA:0,get-token-uri
FNDA:0,set-mint-address
FNDA:0,get-contract-uri
FNDA:0,get-listing-in-ustx
FNDA:2,called-from-mint
FNDA:2,get-balance
FNDA:0,get-owner
FNDA:0,transfer
FNDA:0,freeze-metadata
FNDA:0,set-base-uri
FNDA:0,is-sender-owner
FNDA:0,trnsfr
FNDA:0,list-in-ustx
FNF:17
FNH:3
DA:0,0
DA:11,0
DA:12,0
DA:13,0
DA:14,0
DA:15,0
DA:16,0
DA:17,0
DA:18,0
DA:19,0
DA:22,0
DA:25,0
DA:26,0
DA:27,0
DA:28,0
DA:29,0
DA:30,0
DA:35,12
DA:36,12
DA:39,0
DA:40,0
DA:41,0
DA:42,0
DA:43,0
DA:44,0
DA:45,0
DA:46,0
DA:47,0
DA:48,0
DA:49,0
DA:50,0
DA:51,0
DA:55,0
DA:56,0
DA:57,0
DA:58,0
DA:63,0
DA:67,0
DA:71,0
DA:74,0
DA:79,24
DA:80,12
DA:81,24
DA:82,24
DA:83,0
DA:84,6
DA:85,12
DA:86,6
DA:87,30
DA:88,12
DA:89,6
DA:90,6
DA:91,18
DA:93,12
DA:94,0
DA:97,0
DA:98,0
DA:101,0
DA:104,0
DA:105,0
DA:106,0
DA:107,0
DA:108,0
DA:111,0
DA:112,0
DA:113,0
DA:114,0
DA:115,0
DA:118,0
DA:119,0
DA:120,0
DA:121,0
DA:122,0
DA:123,0
DA:124,0
DA:125,0
DA:126,0
DA:127,0
DA:131,0
DA:132,0
DA:133,0
DA:134,0
DA:135,0
DA:139,0
DA:140,0
DA:141,0
DA:142,0
DA:146,36
DA:150,0
DA:151,0
DA:152,0
DA:153,0
DA:154,0
LF:93
LH:16
end_of_record
TN:Ensure_that_users_can_only_mint_after_mintpass_sale_is_activated
SF:/home/friedger/_repos/github/friedger/clarity-panda/contracts/panda-nft.clar
FN:34,get-balance
FN:37,trnsfr
FN:54,transfer
FN:61,get-owner
FN:66,get-last-token-id
FN:70,get-token-uri
FN:72,get-contract-uri
FN:78,mint
FN:95,is-sender-owner
FN:99,get-listing-in-ustx
FN:102,list-in-ustx
FN:109,unlist-in-ustx
FN:116,buy-in-ustx
FN:130,set-base-uri
FN:138,freeze-metadata
FN:145,called-from-mint
FN:149,set-mint-address
FNDA:1,get-balance
FNDA:1,called-from-mint
FNDA:0,get-listing-in-ustx
FNDA:0,get-contract-uri
FNDA:0,set-mint-address
FNDA:0,get-token-uri
FNDA:0,unlist-in-ustx
FNDA:0,get-last-token-id
FNDA:0,buy-in-ustx
FNDA:1,mint
FNDA:0,list-in-ustx
FNDA:0,trnsfr
FNDA:0,is-sender-owner
FNDA:0,set-base-uri
FNDA:0,freeze-metadata
FNDA:0,transfer
FNDA:0,get-owner
FNF:17
FNH:3
DA:0,0
DA:11,0
DA:12,0
DA:13,0
DA:14,0
DA:15,0
DA:16,0
DA:17,0
DA:18,0
DA:19,0
DA:22,0
DA:25,0
DA:26,0
DA:27,0
DA:28,0
DA:29,0
DA:30,0
DA:35,2
DA:36,2
DA:39,0
DA:40,0
DA:41,0
DA:42,0
DA:43,0
DA:44,0
DA:45,0
DA:46,0
DA:47,0
DA:48,0
DA:49,0
DA:50,0
DA:51,0
DA:55,0
DA:56,0
DA:57,0
DA:58,0
DA:63,0
DA:67,0
DA:71,0
DA:74,0
DA:79,4
DA:80,2
DA:81,4
DA:82,4
DA:83,0
DA:84,1
DA:85,2
DA:86,1
DA:87,5
DA:88,2
DA:89,1
DA:90,1
DA:91,3
DA:93,2
DA:94,0
DA:97,0
DA:98,0
DA:101,0
DA:104,0
DA:105,0
DA:106,0
DA:107,0
DA:108,0
DA:111,0
DA:112,0
DA:113,0
DA:114,0
DA:115,0
DA:118,0
DA:119,0
DA:120,0
DA:121,0
DA:122,0
DA:123,0
DA:124,0
DA:125,0
DA:126,0
DA:127,0
DA:131,0
DA:132,0
DA:133,0
DA:134,0
DA:135,0
DA:139,0
DA:140,0
DA:141,0
DA:142,0
DA:146,6
DA:150,0
DA:151,0
DA:152,0
DA:153,0
DA:154,0
LF:93
LH:16
end_of_record
TN:Ensure_that_users_can_only_mint_after_sale_is_activated
SF:/home/friedger/_repos/github/friedger/clarity-panda/contracts/panda-nft.clar
FN:34,get-balance
FN:37,trnsfr
FN:54,transfer
FN:61,get-owner
FN:66,get-last-token-id
FN:70,get-token-uri
FN:72,get-contract-uri
FN:78,mint
FN:95,is-sender-owner
FN:99,get-listing-in-ustx
FN:102,list-in-ustx
FN:109,unlist-in-ustx
FN:116,buy-in-ustx
FN:130,set-base-uri
FN:138,freeze-metadata
FN:145,called-from-mint
FN:149,set-mint-address
FNDA:0,list-in-ustx
FNDA:0,is-sender-owner
FNDA:0,trnsfr
FNDA:0,set-base-uri
FNDA:0,transfer
FNDA:0,freeze-metadata
FNDA:0,get-owner
FNDA:1,get-balance
FNDA:0,set-mint-address
FNDA:0,get-token-uri
FNDA:0,unlist-in-ustx
FNDA:1,called-from-mint
FNDA:0,get-listing-in-ustx
FNDA:0,get-contract-uri
FNDA:0,buy-in-ustx
FNDA:0,get-last-token-id
FNDA:1,mint
FNF:17
FNH:3
DA:0,0
DA:11,0
DA:12,0
DA:13,0
DA:14,0
DA:15,0
DA:16,0
DA:17,0
DA:18,0
DA:19,0
DA:22,0
DA:25,0
DA:26,0
DA:27,0
DA:28,0
DA:29,0
DA:30,0
DA:35,2
DA:36,2
DA:39,0
DA:40,0
DA:41,0
DA:42,0
DA:43,0
DA:44,0
DA:45,0
DA:46,0
DA:47,0
DA:48,0
DA:49,0
DA:50,0
DA:51,0
DA:55,0
DA:56,0
DA:57,0
DA:58,0
DA:63,0
DA:67,0
DA:71,0
DA:74,0
DA:79,4
DA:80,2
DA:81,4
DA:82,4
DA:83,0
DA:84,1
DA:85,2
DA:86,1
DA:87,5
DA:88,2
DA:89,1
DA:90,1
DA:91,3
DA:93,2
DA:94,0
DA:97,0
DA:98,0
DA:101,0
DA:104,0
DA:105,0
DA:106,0
DA:107,0
DA:108,0
DA:111,0
DA:112,0
DA:113,0
DA:114,0
DA:115,0
DA:118,0
DA:119,0
DA:120,0
DA:121,0
DA:122,0
DA:123,0
DA:124,0
DA:125,0
DA:126,0
DA:127,0
DA:131,0
DA:132,0
DA:133,0
DA:134,0
DA:135,0
DA:139,0
DA:140,0
DA:141,0
DA:142,0
DA:146,6
DA:150,0
DA:151,0
DA:152,0
DA:153,0
DA:154,0
LF:93
LH:16
end_of_record
TN:Ensure_that_users_can_t_mint_more_NFTs_than_they_own_mintpasses
SF:/home/friedger/_repos/github/friedger/clarity-panda/contracts/panda-nft.clar
FN:34,get-balance
FN:37,trnsfr
FN:54,transfer
FN:61,get-owner
FN:66,get-last-token-id
FN:70,get-token-uri
FN:72,get-contract-uri
FN:78,mint
FN:95,is-sender-owner
FN:99,get-listing-in-ustx
FN:102,list-in-ustx
FN:109,unlist-in-ustx
FN:116,buy-in-ustx
FN:130,set-base-uri
FN:138,freeze-metadata
FN:145,called-from-mint
FN:149,set-mint-address
FNDA:0,get-last-token-id
FNDA:0,buy-in-ustx
FNDA:1,mint
FNDA:1,get-balance
FNDA:1,called-from-mint
FNDA:0,get-contract-uri
FNDA:0,get-listing-in-ustx
FNDA:0,set-mint-address
FNDA:0,get-token-uri
FNDA:0,unlist-in-ustx
FNDA:0,set-base-uri
FNDA:0,freeze-metadata
FNDA:0,transfer
FNDA:0,get-owner
FNDA:0,list-in-ustx
FNDA:0,trnsfr
FNDA:0,is-sender-owner
FNF:17
FNH:3
DA:0,0
DA:11,0
DA:12,0
DA:13,0
DA:14,0
DA:15,0
DA:16,0
DA:17,0
DA:18,0
DA:19,0
DA:22,0
DA:25,0
DA:26,0
DA:27,0
DA:28,0
DA:29,0
DA:30,0
DA:35,8
DA:36,8
DA:39,0
DA:40,0
DA:41,0
DA:42,0
DA:43,0
DA:44,0
DA:45,0
DA:46,0
DA:47,0
DA:48,0
DA:49,0
DA:50,0
DA:51,0
DA:55,0
DA:56,0
DA:57,0
DA:58,0
DA:63,0
DA:67,0
DA:71,0
DA:74,0
DA:79,16
DA:80,8
DA:81,16
DA:82,16
DA:83,0
DA:84,4
DA:85,8
DA:86,4
DA:87,20
DA:88,8
DA:89,4
DA:90,4
DA:91,12
DA:93,8
DA:94,0
DA:97,0
DA:98,0
DA:101,0
DA:104,0
DA:105,0
DA:106,0
DA:107,0
DA:108,0
DA:111,0
DA:112,0
DA:113,0
DA:114,0
DA:115,0
DA:118,0
DA:119,0
DA:120,0
DA:121,0
DA:122,0
DA:123,0
DA:124,0
DA:125,0
DA:126,0
DA:127,0
DA:131,0
DA:132,0
DA:133,0
DA:134,0
DA:135,0
DA:139,0
DA:140,0
DA:141,0
DA:142,0
DA:146,24
DA:150,0
DA:151,0
DA:152,0
DA:153,0
DA:154,0
LF:93
LH:16
end_of_record
TN:Ensure_that_users_can_t_mint_more_than_888_NFTs
SF:/home/friedger/_repos/github/friedger/clarity-panda/contracts/panda-nft.clar
FN:34,get-balance
FN:37,trnsfr
FN:54,transfer
FN:61,get-owner
FN:66,get-last-token-id
FN:70,get-token-uri
FN:72,get-contract-uri
FN:78,mint
FN:95,is-sender-owner
FN:99,get-listing-in-ustx
FN:102,list-in-ustx
FN:109,unlist-in-ustx
FN:116,buy-in-ustx
FN:130,set-base-uri
FN:138,freeze-metadata
FN:145,called-from-mint
FN:149,set-mint-address
FNDA:889,mint
FNDA:0,buy-in-ustx
FNDA:0,get-last-token-id
FNDA:0,set-mint-address
FNDA:0,unlist-in-ustx
FNDA:0,get-token-uri
FNDA:889,called-from-mint
FNDA:0,get-contract-uri
FNDA:0,get-listing-in-ustx
FNDA:888,get-balance
FNDA:0,transfer
FNDA:0,freeze-metadata
FNDA:0,get-owner
FNDA:0,set-base-uri
FNDA:0,is-sender-owner
FNDA:0,trnsfr
FNDA:0,list-in-ustx
FNF:17
FNH:3
DA:0,0
DA:11,0
DA:12,0
DA:13,0
DA:14,0
DA:15,0
DA:16,0
DA:17,0
DA:18,0
DA:19,0
DA:22,0
DA:25,0
DA:26,0
DA:27,0
DA:28,0
DA:29,0
DA:30,0
DA:35,1776
DA:36,1776
DA:39,0
DA:40,0
DA:41,0
DA:42,0
DA:43,0
DA:44,0
DA:45,0
DA:46,0
DA:47,0
DA:48,0
DA:49,0
DA:50,0
DA:51,0
DA:55,0
DA:56,0
DA:57,0
DA:58,0
DA:63,0
DA:67,0
DA:71,0
DA:74,0
DA:79,3556
DA:80,1778
DA:81,3557
DA:82,3552
DA:83,0
DA:84,888
DA:85,1776
DA:86,888
DA:87,4440
DA:88,1776
DA:89,888
DA:90,888
DA:91,2664
DA:93,1776
DA:94,0
DA:97,0
DA:98,0
DA:101,0
DA:104,0
DA:105,0
DA:106,0
DA:107,0
DA:108,0
DA:111,0
DA:112,0
DA:113,0
DA:114,0
DA:115,0
DA:118,0
DA:119,0
DA:120,0
DA:121,0
DA:122,0
DA:123,0
DA:124,0
DA:125,0
DA:126,0
DA:127,0
DA:131,0
DA:132,0
DA:133,0
DA:134,0
DA:135,0
DA:139,0
DA:140,0
DA:141,0
DA:142,0
DA:146,5334
DA:150,0
DA:151,0
DA:152,0
DA:153,0
DA:154,0
LF:93
LH:16
end_of_record
TN:Ensure_that_users_can_t_mint_via_NFT_contract
SF:/home/friedger/_repos/github/friedger/clarity-panda/contracts/panda-nft.clar
FN:34,get-balance
FN:37,trnsfr
FN:54,transfer
FN:61,get-owner
FN:66,get-last-token-id
FN:70,get-token-uri
FN:72,get-contract-uri
FN:78,mint
FN:95,is-sender-owner
FN:99,get-listing-in-ustx
FN:102,list-in-ustx
FN:109,unlist-in-ustx
FN:116,buy-in-ustx
FN:130,set-base-uri
FN:138,freeze-metadata
FN:145,called-from-mint
FN:149,set-mint-address
FNDA:0,list-in-ustx
FNDA:0,trnsfr
FNDA:0,is-sender-owner
FNDA:0,set-base-uri
FNDA:0,get-owner
FNDA:0,transfer
FNDA:0,freeze-metadata
FNDA:0,get-balance
FNDA:0,get-listing-in-ustx
FNDA:0,get-contract-uri
FNDA:1,called-from-mint
FNDA:0,unlist-in-ustx
FNDA:0,get-token-uri
FNDA:0,set-mint-address
FNDA:0,get-last-token-id
FNDA:0,buy-in-ustx
FNDA:1,mint
FNF:17
FNH:2
DA:0,0
DA:11,0
DA:12,0
DA:13,0
DA:14,0
DA:15,0
DA:16,0
DA:17,0
DA:18,0
DA:19,0
DA:22,0
DA:25,0
DA:26,0
DA:27,0
DA:28,0
DA:29,0
DA:30,0
DA:35,0
DA:36,0
DA:39,0
DA:40,0
DA:41,0
DA:42,0
DA:43,0
DA:44,0
DA:45,0
DA:46,0
DA:47,0
DA:48,0
DA:49,0
DA:50,0
DA:51,0
DA:55,0
DA:56,0
DA:57,0
DA:58,0
DA:63,0
DA:67,0
DA:71,0
DA:74,0
DA:79,4
DA:80,3
DA:81,0
DA:82,0
DA:83,0
DA:84,0
DA:85,0
DA:86,0
DA:87,0
DA:88,0
DA:89,0
DA:90,0
DA:91,0
DA:93,0
DA:94,0
DA:97,0
DA:98,0
DA:101,0
DA:104,0
DA:105,0
DA:106,0
DA:107,0
DA:108,0
DA:111,0
DA:112,0
DA:113,0
DA:114,0
DA:115,0
DA:118,0
DA:119,0
DA:120,0
DA:121,0
DA:122,0
DA:123,0
DA:124,0
DA:125,0
DA:126,0
DA:127,0
DA:131,0
DA:132,0
DA:133,0
DA:134,0
DA:135,0
DA:139,0
DA:140,0
DA:141,0
DA:142,0
DA:146,6
DA:150,0
DA:151,0
DA:152,0
DA:153,0
DA:154,0
LF:93
LH:3
end_of_record
TN:Ensure_that_users_can_t_transfer_other_nft
SF:/home/friedger/_repos/github/friedger/clarity-panda/contracts/panda-nft.clar
FN:34,get-balance
FN:37,trnsfr
FN:54,transfer
FN:61,get-owner
FN:66,get-last-token-id
FN:70,get-token-uri
FN:72,get-contract-uri
FN:78,mint
FN:95,is-sender-owner
FN:99,get-listing-in-ustx
FN:102,list-in-ustx
FN:109,unlist-in-ustx
FN:116,buy-in-ustx
FN:130,set-base-uri
FN:138,freeze-metadata
FN:145,called-from-mint
FN:149,set-mint-address
FNDA:0,trnsfr
FNDA:0,is-sender-owner
FNDA:0,list-in-ustx
FNDA:0,freeze-metadata
FNDA:1,transfer
FNDA:0,get-owner
FNDA:0,set-base-uri
FNDA:1,called-from-mint
FNDA:0,get-contract-uri
FNDA:0,get-listing-in-ustx
FNDA:0,set-mint-address
FNDA:0,get-token-uri
FNDA:0,unlist-in-ustx
FNDA:1,get-balance
FNDA:1,mint
FNDA:0,get-last-token-id
FNDA:0,buy-in-ustx
FNF:17
FNH:4
DA:0,0
DA:11,0
DA:12,0
DA:13,0
DA:14,0
DA:15,0
DA:16,0
DA:17,0
DA:18,0
DA:19,0
DA:22,0
DA:25,0
DA:26,0
DA:27,0
DA:28,0
DA:29,0
DA:30,0
DA:35,2
DA:36,2
DA:39,0
DA:40,0
DA:41,0
DA:42,0
DA:43,0
DA:44,0
DA:45,0
DA:46,0
DA:47,0
DA:48,0
DA:49,0
DA:50,0
DA:51,0
DA:55,1
DA:56,5
DA:57,0
DA:58,0
DA:63,0
DA:67,0
DA:71,0
DA:74,0
DA:79,4
DA:80,2
DA:81,4
DA:82,4
DA:83,0
DA:84,1
DA:85,2
DA:86,1
DA:87,5
DA:88,2
DA:89,1
DA:90,1
DA:91,3
DA:93,2
DA:94,0
DA:97,0
DA:98,0
DA:101,0
DA:104,0
DA:105,0
DA:106,0
DA:107,0
DA:108,0
DA:111,0
DA:112,0
DA:113,0
DA:114,0
DA:115,0
DA:118,0
DA:119,0
DA:120,0
DA:121,0
DA:122,0
DA:123,0
DA:124,0
DA:125,0
DA:126,0
DA:127,0
DA:131,0
DA:132,0
DA:133,0
DA:134,0
DA:135,0
DA:139,0
DA:140,0
DA:141,0
DA:142,0
DA:146,6
DA:150,0
DA:151,0
DA:152,0
DA:153,0
DA:154,0
LF:93
LH:18
end_of_record
TN:Ensure_that_users_can_transfer_own_nft
SF:/home/friedger/_repos/github/friedger/clarity-panda/contracts/panda-nft.clar
FN:34,get-balance
FN:37,trnsfr
FN:54,transfer
FN:61,get-owner
FN:66,get-last-token-id
FN:70,get-token-uri
FN:72,get-contract-uri
FN:78,mint
FN:95,is-sender-owner
FN:99,get-listing-in-ustx
FN:102,list-in-ustx
FN:109,unlist-in-ustx
FN:116,buy-in-ustx
FN:130,set-base-uri
FN:138,freeze-metadata
FN:145,called-from-mint
FN:149,set-mint-address
FNDA:0,list-in-ustx
FNDA:0,is-sender-owner
FNDA:1,trnsfr
FNDA:0,set-base-uri
FNDA:0,get-owner
FNDA:0,freeze-metadata
FNDA:1,transfer
FNDA:2,get-balance
FNDA:0,unlist-in-ustx
FNDA:0,get-token-uri
FNDA:0,set-mint-address
FNDA:0,get-listing-in-ustx
FNDA:0,get-contract-uri
FNDA:1,called-from-mint
FNDA:0,buy-in-ustx
FNDA:0,get-last-token-id
FNDA:1,mint
FNF:17
FNH:5
DA:0,0
DA:11,0
DA:12,0
DA:13,0
DA:14,0
DA:15,0
DA:16,0
DA:17,0
DA:18,0
DA:19,0
DA:22,0
DA:25,0
DA:26,0
DA:27,0
DA:28,0
DA:29,0
DA:30,0
DA:35,6
DA:36,6
DA:39,5
DA:40,0
DA:41,1
DA:42,2
DA:43,2
DA:44,1
DA:45,1
DA:46,3
DA:47,1
DA:48,1
DA:49,3
DA:50,2
DA:51,0
DA:55,1
DA:56,4
DA:57,4
DA:58,4
DA:63,0
DA:67,0
DA:71,0
DA:74,0
DA:79,4
DA:80,2
DA:81,4
DA:82,4
DA:83,0
DA:84,1
DA:85,2
DA:86,1
DA:87,5
DA:88,2
DA:89,1
DA:90,1
DA:91,3
DA:93,2
DA:94,0
DA:97,0
DA:98,0
DA:101,0
DA:104,0
DA:105,0
DA:106,0
DA:107,0
DA:108,0
DA:111,0
DA:112,0
DA:113,0
DA:114,0
DA:115,0
DA:118,0
DA:119,0
DA:120,0
DA:121,0
DA:122,0
DA:123,0
DA:124,0
DA:125,0
DA:126,0
DA:127,0
DA:131,0
DA:132,0
DA:133,0
DA:134,0
DA:135,0
DA:139,0
DA:140,0
DA:141,0
DA:142,0
DA:146,6
DA:150,0
DA:151,0
DA:152,0
DA:153,0
DA:154,0
LF:93
LH:31
end_of_record
TN:readonly_calls
SF:/home/friedger/_repos/github/friedger/clarity-panda/contracts/panda-nft.clar
FN:34,get-balance
FN:37,trnsfr
FN:54,transfer
FN:61,get-owner
FN:66,get-last-token-id
FN:70,get-token-uri
FN:72,get-contract-uri
FN:78,mint
FN:95,is-sender-owner
FN:99,get-listing-in-ustx
FN:102,list-in-ustx
FN:109,unlist-in-ustx
FN:116,buy-in-ustx
FN:130,set-base-uri
FN:138,freeze-metadata
FN:145,called-from-mint
FN:149,set-mint-address
FNDA:0,unlist-in-ustx
FNDA:0,get-token-uri
FNDA:0,set-mint-address
FNDA:0,get-contract-uri
FNDA:0,get-listing-in-ustx
FNDA:0,called-from-mint
FNDA:2,get-balance
FNDA:0,mint
FNDA:0,buy-in-ustx
FNDA:0,get-last-token-id
FNDA:0,is-sender-owner
FNDA:0,trnsfr
FNDA:0,list-in-ustx
FNDA:0,get-owner
FNDA:0,transfer
FNDA:0,freeze-metadata
FNDA:0,set-base-uri
FNF:17
FNH:1
DA:0,0
DA:11,0
DA:12,0
DA:13,0
DA:14,0
DA:15,0
DA:16,0
DA:17,0
DA:18,0
DA:19,0
DA:22,0
DA:25,0
DA:26,0
DA:27,0
DA:28,0
DA:29,0
DA:30,0
DA:35,4
DA:36,4
DA:39,0
DA:40,0
DA:41,0
DA:42,0
DA:43,0
DA:44,0
DA:45,0
DA:46,0
DA:47,0
DA:48,0
DA:49,0
DA:50,0
DA:51,0
DA:55,0
DA:56,0
DA:57,0
DA:58,0
DA:63,0
DA:67,0
DA:71,0
DA:74,0
DA:79,0
DA:80,0
DA:81,0
DA:82,0
DA:83,0
DA:84,0
DA:85,0
DA:86,0
DA:87,0
DA:88,0
DA:89,0
DA:90,0
DA:91,0
DA:93,0
DA:94,0
DA:97,0
DA:98,0
DA:101,0
DA:104,0
DA:105,0
DA:106,0
DA:107,0
DA:108,0
DA:111,0
DA:112,0
DA:113,0
DA:114,0
DA:115,0
DA:118,0
DA:119,0
DA:120,0
DA:121,0
DA:122,0
DA:123,0
DA:124,0
DA:125,0
DA:126,0
DA:127,0
DA:131,0
DA:132,0
DA:133,0
DA:134,0
DA:135,0
DA:139,0
DA:140,0
DA:141,0
DA:142,0
DA:146,0
DA:150,0
DA:151,0
DA:152,0
DA:153,0
DA:154,0
LF:93
LH:2
end_of_record
